<?xml version="1.0" encoding="UTF-8" ?>
<testsuite errors="0" failures="0" hostname="Atari" name="TestJunit" skipped="0" tests="1" time="0.223" timestamp="2017-12-17T01:18:22">
  <properties>
    <property name="ant.project.invoked-targets" value="run" />
    <property name="java.runtime.name" value="Java(TM) SE Runtime Environment" />
    <property name="sun.boot.library.path" value="C:\Program Files (x86)\Java\jdk1.8.0_144\jre\bin" />
    <property name="java.vm.version" value="25.144-b01" />
    <property name="ant.library.dir" value="C:\_DevOps\Ant\apache-ant-1.10.1\lib" />
    <property name="ant.version" value="Apache Ant(TM) version 1.10.1 compiled on February 2 2017" />
    <property name="ant.java.version" value="1.8" />
    <property name="java.vm.vendor" value="Oracle Corporation" />
    <property name="java.vendor.url" value="http://java.oracle.com/" />
    <property name="path.separator" value=";" />
    <property name="java.vm.name" value="Java HotSpot(TM) Client VM" />
    <property name="file.encoding.pkg" value="sun.io" />
    <property name="user.script" value="" />
    <property name="user.country" value="IN" />
    <property name="sun.java.launcher" value="SUN_STANDARD" />
    <property name="sun.os.patch.level" value="" />
    <property name="java.vm.specification.name" value="Java Virtual Machine Specification" />
    <property name="user.dir" value="C:\_DevOps\circle" />
    <property name="java.runtime.version" value="1.8.0_144-b01" />
    <property name="full-compile" value="true" />
    <property name="java.awt.graphicsenv" value="sun.awt.Win32GraphicsEnvironment" />
    <property name="basedir" value="C:\_DevOps\circle" />
    <property name="java.endorsed.dirs" value="C:\Program Files (x86)\Java\jdk1.8.0_144\jre\lib\endorsed" />
    <property name="os.arch" value="x86" />
    <property name="ant.project.default-target" value="run" />
    <property name="java.io.tmpdir" value="C:\Users\dhaanic\AppData\Local\Temp\" />
    <property name="ant.core.lib" value="C:\_DevOps\Ant\apache-ant-1.10.1\lib\ant.jar" />
    <property name="line.separator" value="&#xd;&#xa;" />
    <property name="java.vm.specification.vendor" value="Oracle Corporation" />
    <property name="user.variant" value="" />
    <property name="os.name" value="Windows 8.1" />
    <property name="ant.home" value="C:\_DevOps\Ant\apache-ant-1.10.1" />
    <property name="sun.jnu.encoding" value="Cp1252" />
    <property name="java.library.path" value="C:\Program Files (x86)\Java\jdk1.8.0_144\jre\bin;C:\Windows\Sun\Java\bin;C:\Windows\system32;C:\Windows;C:\ProgramData\Oracle\Java\javapath;C:\Windows\system32;C:\Windows;C:\Windows\System32\Wbem;C:\Windows\System32\WindowsPowerShell\v1.0\;C:\Python27;C:\Python27\Scripts;C:\Program Files (x86)\Skype\Phone\;C:\Program Files (x86)\Apache\Maven\bin;C:\Program Files (x86)\Java\jre1.8.0_144\bin;C:\Program Files (x86)\Git\cmd;C:\Program Files (x86)\Java\jdk1.8.0_144\bin;C:\_DevOps\SonarQube\sonarrunner\sonar-runner-2.4\bin;C:\_DevOps\Ant\apache-ant-1.10.1\bin;." />
    <property name="java.specification.name" value="Java Platform API Specification" />
    <property name="java.class.version" value="52.0" />
    <property name="sun.management.compiler" value="HotSpot Client Compiler" />
    <property name="testdir" value="C:\_DevOps\circle\test" />
    <property name="os.version" value="6.3" />
    <property name="ant.file" value="C:\_DevOps\circle\build.xml" />
    <property name="user.home" value="C:\Users\dhaanic" />
    <property name="user.timezone" value="" />
    <property name="java.awt.printerjob" value="sun.awt.windows.WPrinterJob" />
    <property name="java.specification.version" value="1.8" />
    <property name="file.encoding" value="Cp1252" />
    <property name="builddir" value="C:\_DevOps\circle\build\classes" />
    <property name="user.name" value="dhaanic" />
    <property name="java.class.path" value="C:\_DevOps\JUnit\junit-4.12.jar;C:\_DevOps\JUnit\hamcrest-core-1.3.jar;C:\_DevOps\circle\test;C:\_DevOps\circle\src;C:\_DevOps\circle\build\classes;C:\_DevOps\Ant\apache-ant-1.10.1\lib\ant-launcher.jar;C:\_DevOps\Ant\apache-ant-1.10.1\lib\ant.jar;C:\_DevOps\Ant\apache-ant-1.10.1\lib\ant-junit.jar;C:\_DevOps\Ant\apache-ant-1.10.1\lib\ant-junit4.jar" />
    <property name="java.vm.specification.version" value="1.8" />
    <property name="java.home" value="C:\Program Files (x86)\Java\jdk1.8.0_144\jre" />
    <property name="sun.java.command" value="org.apache.tools.ant.taskdefs.optional.junit.JUnitTestRunner TestJunit skipNonTests=false filtertrace=true haltOnError=false haltOnFailure=true formatter=org.apache.tools.ant.taskdefs.optional.junit.SummaryJUnitResultFormatter showoutput=false outputtoformatters=true logfailedtests=true threadid=0 logtestlistenerevents=false formatter=org.apache.tools.ant.taskdefs.optional.junit.XMLJUnitResultFormatter,C:\_DevOps\circle\TEST-TestJunit.xml crashfile=C:\_DevOps\circle\junitvmwatcher5569121642947450371.properties propsfile=C:\_DevOps\circle\junit6164957664271483510.properties" />
    <property name="sun.arch.data.model" value="32" />
    <property name="java.specification.vendor" value="Oracle Corporation" />
    <property name="srcdir" value="C:\_DevOps\circle\src" />
    <property name="user.language" value="en" />
    <property name="awt.toolkit" value="sun.awt.windows.WToolkit" />
    <property name="java.vm.info" value="mixed mode, sharing" />
    <property name="java.version" value="1.8.0_144" />
    <property name="java.ext.dirs" value="C:\Program Files (x86)\Java\jdk1.8.0_144\jre\lib\ext;C:\Windows\Sun\Java\lib\ext" />
    <property name="sun.boot.class.path" value="C:\Program Files (x86)\Java\jdk1.8.0_144\jre\lib\resources.jar;C:\Program Files (x86)\Java\jdk1.8.0_144\jre\lib\rt.jar;C:\Program Files (x86)\Java\jdk1.8.0_144\jre\lib\sunrsasign.jar;C:\Program Files (x86)\Java\jdk1.8.0_144\jre\lib\jsse.jar;C:\Program Files (x86)\Java\jdk1.8.0_144\jre\lib\jce.jar;C:\Program Files (x86)\Java\jdk1.8.0_144\jre\lib\charsets.jar;C:\Program Files (x86)\Java\jdk1.8.0_144\jre\lib\jfr.jar;C:\Program Files (x86)\Java\jdk1.8.0_144\jre\classes" />
    <property name="java.vendor" value="Oracle Corporation" />
    <property name="sun.stderr.encoding" value="cp437" />
    <property name="file.separator" value="\" />
    <property name="java.vendor.url.bug" value="http://bugreport.sun.com/bugreport/" />
    <property name="sun.cpu.endian" value="little" />
    <property name="sun.io.unicode.encoding" value="UnicodeLittle" />
    <property name="ant.file.type" value="file" />
    <property name="sun.stdout.encoding" value="cp437" />
    <property name="sun.desktop" value="windows" />
    <property name="sun.cpu.isalist" value="pentium_pro+mmx pentium_pro pentium+mmx pentium i486 i386 i86" />
  </properties>
  <testcase classname="TestJunit" name="testAdd" time="0.001" />
  <system-out><![CDATA[]]></system-out>
  <system-err><![CDATA[]]></system-err>
</testsuite>
